<?xml version="1.0" encoding="UTF-8"?>
<testsuite xmlns:xsi="http://www.w3.org/2001/XMLSchema-instance" xsi:noNamespaceSchemaLocation="https://maven.apache.org/surefire/maven-surefire-plugin/xsd/surefire-test-report.xsd" name="TestClasses.MessageTest" time="0.082" tests="9" errors="0" skipped="0" failures="2">
  <properties>
[...]
</properties>
  <testcase name="testCheckMessageLengthFailure" classname="TestClasses.MessageTest" time="0.011"/>
  <testcase name="testMessageActionDiscard" classname="TestClasses.MessageTest" time="0.036">
    <failure message="expected: &lt;Press 0 to delete the message.&gt; but was: &lt;Message disregarded&gt;" type="org.opentest4j.AssertionFailedError"><![CDATA[org.opentest4j.AssertionFailedError: expected: <Press 0 to delete the message.> but was: <Message disregarded>
	at TestClasses.MessageTest.testMessageActionDiscard(MessageTest.java:74)
]]></failure>
  </testcase>
  <testcase name="testRecipientNumberSuccess" classname="TestClasses.MessageTest" time="0.002"/>
  <testcase name="testMessageActionSend" classname="TestClasses.MessageTest" time="0.006"/>
  <testcase name="testRecipientNumberFailure" classname="TestClasses.MessageTest" time="0"/>
  <testcase name="testMessageActionStore" classname="TestClasses.MessageTest" time="0.003">
    <failure message="expected: &lt;Message successfully stored.&gt; but was: &lt;Message is successfully stored&gt;" type="org.opentest4j.AssertionFailedError"><![CDATA[org.opentest4j.AssertionFailedError: expected: <Message successfully stored.> but was: <Message is successfully stored>
	at TestClasses.MessageTest.testMessageActionStore(MessageTest.java:81)
]]></failure>
  </testcase>
  <testcase name="testMessageIDIsCreated" classname="TestClasses.MessageTest" time="0.002"/>
  <testcase name="testMessageHashIsCorrect" classname="TestClasses.MessageTest" time="0.003"/>
  <testcase name="testCheckMessageLengthSuccess" classname="TestClasses.MessageTest" time="0.002"/>
</testsuite>