<?xml version="1.0" encoding="UTF-8"?>
<testsuite xmlns:xsi="http://www.w3.org/2001/XMLSchema-instance" xsi:noNamespaceSchemaLocation="https://maven.apache.org/surefire/maven-surefire-plugin/xsd/surefire-test-report.xsd" name="TestClasses.LoginTest" time="0.216" tests="9" errors="0" skipped="0" failures="0">
  <properties>
[...]
</properties>
  <testcase name="testCheckUserNameCorrectlyButFail" classname="TestClasses.LoginTest" time="0.053"/>
  <testcase name="testCheckUsePasswordComplexity" classname="TestClasses.LoginTest" time="0.002"/>
  <testcase name="testCheckUsePasswordButFail" classname="TestClasses.LoginTest" time="0"/>
  <testcase name="testCheckUserNameCorrectlyFormatted" classname="TestClasses.LoginTest" time="0"/>
  <testcase name="testreturnLoginStatusButFail" classname="TestClasses.LoginTest" time="0.002"/>
  <testcase name="testloginUser" classname="TestClasses.LoginTest" time="0.002"/>
  <testcase name="testCheckCellPhoneNumber" classname="TestClasses.LoginTest" time="0.002"/>
  <testcase name="testloginUserButFail" classname="TestClasses.LoginTest" time="0.003"/>
  <testcase name="testCheckCellPhoneNumberButFail" classname="TestClasses.LoginTest" time="0.002"/>
</testsuite>